#
# There is insufficient memory for the Java Runtime Environment to continue.
# Native memory allocation (malloc) failed to allocate 1048576 bytes for AllocateHeap
# Possible reasons:
#   The system is out of physical RAM or swap space
#   The process is running with CompressedOops enabled, and the Java Heap may be blocking the growth of the native heap
# Possible solutions:
#   Reduce memory load on the system
#   Increase physical memory or swap space
#   Check if swap backing store is full
#   Decrease Java heap size (-Xmx/-Xms)
#   Decrease number of Java threads
#   Decrease Java thread stack sizes (-Xss)
#   Set larger code cache with -XX:ReservedCodeCacheSize=
#   JVM is running with Unscaled Compressed Oops mode in which the Java heap is
#     placed in the first 4GB address space. The Java Heap base address is the
#     maximum limit for the native heap growth. Please use -XX:HeapBaseMinAddress
#     to set the Java Heap base and to place the Java Heap above 4GB virtual address.
# This output file may be truncated or incomplete.
#
#  Out of Memory Error (allocation.cpp:44), pid=18208, tid=18024
#
# JRE version:  (17.0.10+7) (build )
# Java VM: OpenJDK 64-Bit Server VM (17.0.10+7, mixed mode, tiered, compressed oops, compressed class ptrs, parallel gc, windows-amd64)
# No core dump will be written. Minidumps are not enabled by default on client versions of Windows
#

---------------  S U M M A R Y ------------

Command Line: --add-modules=ALL-SYSTEM --add-opens=java.base/java.util=ALL-UNNAMED --add-opens=java.base/java.lang=ALL-UNNAMED --add-opens=java.base/sun.nio.fs=ALL-UNNAMED -Declipse.application=org.eclipse.jdt.ls.core.id1 -Dosgi.bundles.defaultStartLevel=4 -Declipse.product=org.eclipse.jdt.ls.core.product -Djava.import.generatesMetadataFilesAtProjectRoot=false -DDetectVMInstallationsJob.disabled=true -Dfile.encoding=utf8 -XX:+UseParallelGC -XX:GCTimeRatio=4 -XX:AdaptiveSizePolicyWeight=90 -Dsun.zip.disableMemoryMapping=true -Xmx1G -Xms100m -Xlog:disable -javaagent:c:\Users\djsl2\.vscode\extensions\redhat.java-1.28.1-win32-x64\lombok\lombok-1.18.31.jar -XX:+HeapDumpOnOutOfMemoryError -XX:HeapDumpPath=c:\Users\djsl2\AppData\Roaming\Code\User\workspaceStorage\2208d46fffe0ed811cc1caf2073853fe\redhat.java -Daether.dependencyCollector.impl=bf c:\Users\djsl2\.vscode\extensions\redhat.java-1.28.1-win32-x64\server\plugins\org.eclipse.equinox.launcher_1.6.700.v20231214-2017.jar -configuration c:\Users\djsl2\AppData\Roaming\Code\User\globalStorage\redhat.java\1.28.1\config_win -data c:\Users\djsl2\AppData\Roaming\Code\User\workspaceStorage\2208d46fffe0ed811cc1caf2073853fe\redhat.java\jdt_ws --stdio

Host: Intel(R) Core(TM) i7-6500U CPU @ 2.50GHz, 4 cores, 7G,  Windows 10 , 64 bit Build 19041 (10.0.19041.3636)
Time: Mon Feb 26 23:52:18 2024 South Africa Standard Time elapsed time: 0.231932 seconds (0d 0h 0m 0s)

---------------  T H R E A D  ---------------

Current thread (0x00000240cdf0f470):  JavaThread "Unknown thread" [_thread_in_vm, id=18024, stack(0x000000e678900000,0x000000e678a00000)]

Stack: [0x000000e678900000,0x000000e678a00000]
Native frames: (J=compiled Java code, j=interpreted, Vv=VM code, C=native code)
V  [jvm.dll+0x67d2c9]
V  [jvm.dll+0x834afa]
V  [jvm.dll+0x8365be]
V  [jvm.dll+0x836c23]
V  [jvm.dll+0x2477ff]
V  [jvm.dll+0xa6c93]
V  [jvm.dll+0x6aff76]
V  [jvm.dll+0x6b0b4f]
V  [jvm.dll+0x689a43]
V  [jvm.dll+0x806a7b]
V  [jvm.dll+0x36c774]
V  [jvm.dll+0x7e4e06]
V  [jvm.dll+0x3eff3f]
V  [jvm.dll+0x3f1b71]
C  [jli.dll+0x528f]
C  [ucrtbase.dll+0x21bb2]
C  [KERNEL32.DLL+0x17344]
C  [ntdll.dll+0x526b1]


---------------  P R O C E S S  ---------------

Threads class SMR info:
_java_thread_list=0x00007ff810a4ee98, length=0, elements={
}

Java Threads: ( => current thread )

Other Threads:
  0x00000240cdf250f0 GCTaskThread "GC Thread#0" [stack: 0x000000e678a00000,0x000000e678b00000] [id=15052]

=>0x00000240cdf0f470 (exited) JavaThread "Unknown thread" [_thread_in_vm, id=18024, stack(0x000000e678900000,0x000000e678a00000)]

Threads with active compile tasks:

VM state: not at safepoint (normal execution)

VM Mutex/Monitor currently owned by a thread: None

Heap address: 0x00000000c0000000, size: 1024 MB, Compressed Oops mode: 32-bit

CDS archive(s) not mapped
Compressed class space mapped at: 0x0000000100000000-0x0000000140000000, reserved size: 1073741824
Narrow klass base: 0x0000000000000000, Narrow klass shift: 3, Narrow klass range: 0x140000000

GC Precious Log:
 CPUs: 4 total, 4 available
 Memory: 8098M
 Large Page Support: Disabled
 NUMA Support: Disabled
 Compressed Oops: Enabled (32-bit)
 Alignments: Space 512K, Generation 512K, Heap 2M
 Heap Min Capacity: 100M
 Heap Initial Capacity: 100M
 Heap Max Capacity: 1G
 Pre-touch: Disabled
 Parallel Workers: 4

Heap:
 PSYoungGen      total 29696K, used 512K [0x00000000eab00000, 0x00000000ecc00000, 0x0000000100000000)
  eden space 25600K, 2% used [0x00000000eab00000,0x00000000eab80070,0x00000000ec400000)
  from space 4096K, 0% used [0x00000000ec800000,0x00000000ec800000,0x00000000ecc00000)
  to   space 4096K, 0% used [0x00000000ec400000,0x00000000ec400000,0x00000000ec800000)
 ParOldGen       total 68608K, used 0K [0x00000000c0000000, 0x00000000c4300000, 0x00000000eab00000)
  object space 68608K, 0% used [0x00000000c0000000,0x00000000c0000000,0x00000000c4300000)
 Metaspace       used 1149K, committed 1216K, reserved 1114112K
  class space    used 101K, committed 128K, reserved 1048576K

Card table byte_map: [0x00000240cd8e0000,0x00000240cdaf0000] _byte_map_base: 0x00000240cd2e0000

Marking Bits: (ParMarkBitMap*) 0x00007ff810abd7d0
 Begin Bits: [0x00000240dfbb0000, 0x00000240e0bb0000)
 End Bits:   [0x00000240e0bb0000, 0x00000240e1bb0000)

Polling page: 0x00000240cd6d0000

Metaspace:

Usage:
  Non-class:      1.02 MB used.
      Class:    101.05 KB used.
       Both:      1.12 MB used.

Virtual space:
  Non-class space:       64.00 MB reserved,       1.06 MB (  2%) committed,  1 nodes.
      Class space:        1.00 GB reserved,     128.00 KB ( <1%) committed,  1 nodes.
             Both:        1.06 GB reserved,       1.19 MB ( <1%) committed. 

Chunk freelists:
   Non-Class:  12.00 MB
       Class:  15.75 MB
        Both:  27.75 MB

MaxMetaspaceSize: unlimited
CompressedClassSpaceSize: 1.00 GB
Initial GC threshold: 21.00 MB
Current GC threshold: 17179869184.00 GB
CDS: off
MetaspaceReclaimPolicy: balanced
 - commit_granule_bytes: 65536.
 - commit_granule_words: 8192.
 - virtual_space_node_default_size: 8388608.
 - enlarge_chunks_in_place: 1.
 - new_chunks_are_fully_committed: 0.
 - uncommit_free_chunks: 1.
 - use_allocation_guard: 0.
 - handle_deallocations: 1.


Internal statistics:

num_allocs_failed_limit: 0.
num_arena_births: 2.
num_arena_deaths: 0.
num_vsnodes_births: 2.
num_vsnodes_deaths: 0.
num_space_committed: 19.
num_space_uncommitted: 0.
num_chunks_returned_to_freelist: 0.
num_chunks_taken_from_freelist: 3.
num_chunk_merges: 0.
num_chunk_splits: 2.
num_chunks_enlarged: 0.
num_inconsistent_stats: 0.

CodeHeap 'non-profiled nmethods': size=120000Kb used=0Kb max_used=0Kb free=120000Kb
 bounds [0x00000240d8680000, 0x00000240d88f0000, 0x00000240dfbb0000]
CodeHeap 'profiled nmethods': size=120000Kb used=0Kb max_used=0Kb free=120000Kb
 bounds [0x00000240d0bb0000, 0x00000240d0e20000, 0x00000240d80e0000]
CodeHeap 'non-nmethods': size=5760Kb used=202Kb max_used=353Kb free=5557Kb
 bounds [0x00000240d80e0000, 0x00000240d8350000, 0x00000240d8680000]
 total_blobs=66 nmethods=0 adapters=47
 compilation: enabled
              stopped_count=0, restarted_count=0
 full_count=0

Compilation events (0 events):
No events

GC Heap History (0 events):
No events

Dll operation events (1 events):
Event: 0.028 Loaded shared library c:\Users\djsl2\.vscode\extensions\redhat.java-1.28.1-win32-x64\jre\17.0.10-win32-x86_64\bin\java.dll

Deoptimization events (0 events):
No events

Classes unloaded (0 events):
No events

Classes redefined (0 events):
No events

Internal exceptions (0 events):
No events

VM Operations (0 events):
No events

Events (20 events):
Event: 0.105 loading class java/lang/Long
Event: 0.105 loading class java/lang/Long done
Event: 0.105 loading class java/util/Iterator
Event: 0.105 loading class java/util/Iterator done
Event: 0.105 loading class java/lang/reflect/RecordComponent
Event: 0.106 loading class java/lang/reflect/RecordComponent done
Event: 0.106 loading class jdk/internal/vm/vector/VectorSupport
Event: 0.106 loading class jdk/internal/vm/vector/VectorSupport done
Event: 0.106 loading class jdk/internal/vm/vector/VectorSupport$VectorPayload
Event: 0.106 loading class jdk/internal/vm/vector/VectorSupport$VectorPayload done
Event: 0.106 loading class jdk/internal/vm/vector/VectorSupport$Vector
Event: 0.106 loading class jdk/internal/vm/vector/VectorSupport$Vector done
Event: 0.106 loading class jdk/internal/vm/vector/VectorSupport$VectorMask
Event: 0.106 loading class jdk/internal/vm/vector/VectorSupport$VectorMask done
Event: 0.106 loading class jdk/internal/vm/vector/VectorSupport$VectorShuffle
Event: 0.106 loading class jdk/internal/vm/vector/VectorSupport$VectorShuffle done
Event: 0.110 loading class java/lang/NullPointerException
Event: 0.110 loading class java/lang/NullPointerException done
Event: 0.110 loading class java/lang/ArithmeticException
Event: 0.110 loading class java/lang/ArithmeticException done


Dynamic libraries:
0x00007ff705930000 - 0x00007ff70593e000 	c:\Users\djsl2\.vscode\extensions\redhat.java-1.28.1-win32-x64\jre\17.0.10-win32-x86_64\bin\java.exe
0x00007ff87bf70000 - 0x00007ff87c168000 	C:\Windows\SYSTEM32\ntdll.dll
0x00007ff87b570000 - 0x00007ff87b62d000 	C:\Windows\System32\KERNEL32.DLL
0x00007ff8796e0000 - 0x00007ff8799d6000 	C:\Windows\System32\KERNELBASE.dll
0x00007ff8799e0000 - 0x00007ff879ae0000 	C:\Windows\System32\ucrtbase.dll
0x00007ff84ec00000 - 0x00007ff84ec17000 	c:\Users\djsl2\.vscode\extensions\redhat.java-1.28.1-win32-x64\jre\17.0.10-win32-x86_64\bin\jli.dll
0x00007ff87a580000 - 0x00007ff87a71e000 	C:\Windows\System32\USER32.dll
0x00007ff879ae0000 - 0x00007ff879b02000 	C:\Windows\System32\win32u.dll
0x00007ff87a060000 - 0x00007ff87a08b000 	C:\Windows\System32\GDI32.dll
0x00007ff879c70000 - 0x00007ff879d87000 	C:\Windows\System32\gdi32full.dll
0x00007ff879b10000 - 0x00007ff879bad000 	C:\Windows\System32\msvcp_win.dll
0x00007ff84cdc0000 - 0x00007ff84cddb000 	c:\Users\djsl2\.vscode\extensions\redhat.java-1.28.1-win32-x64\jre\17.0.10-win32-x86_64\bin\VCRUNTIME140.dll
0x00007ff85fad0000 - 0x00007ff85fd6a000 	C:\Windows\WinSxS\amd64_microsoft.windows.common-controls_6595b64144ccf1df_6.0.19041.3636_none_60b6a03d71f818d5\COMCTL32.dll
0x00007ff87bc00000 - 0x00007ff87bc9e000 	C:\Windows\System32\msvcrt.dll
0x00007ff87a3f0000 - 0x00007ff87a422000 	C:\Windows\System32\IMM32.DLL
0x00007ff861600000 - 0x00007ff86160c000 	c:\Users\djsl2\.vscode\extensions\redhat.java-1.28.1-win32-x64\jre\17.0.10-win32-x86_64\bin\vcruntime140_1.dll
0x00007ff84a0a0000 - 0x00007ff84a12d000 	c:\Users\djsl2\.vscode\extensions\redhat.java-1.28.1-win32-x64\jre\17.0.10-win32-x86_64\bin\msvcp140.dll
0x00007ff80ff20000 - 0x00007ff810b82000 	c:\Users\djsl2\.vscode\extensions\redhat.java-1.28.1-win32-x64\jre\17.0.10-win32-x86_64\bin\server\jvm.dll
0x00007ff87b630000 - 0x00007ff87b6e3000 	C:\Windows\System32\ADVAPI32.dll
0x00007ff87b980000 - 0x00007ff87ba1f000 	C:\Windows\System32\sechost.dll
0x00007ff87bad0000 - 0x00007ff87bbf6000 	C:\Windows\System32\RPCRT4.dll
0x00007ff879c40000 - 0x00007ff879c67000 	C:\Windows\System32\bcrypt.dll
0x00007ff878b40000 - 0x00007ff878b8b000 	C:\Windows\SYSTEM32\POWRPROF.dll
0x00007ff821a40000 - 0x00007ff821a49000 	C:\Windows\SYSTEM32\WSOCK32.dll
0x00007ff87b420000 - 0x00007ff87b48b000 	C:\Windows\System32\WS2_32.dll
0x00007ff867700000 - 0x00007ff867727000 	C:\Windows\SYSTEM32\WINMM.dll
0x00007ff873030000 - 0x00007ff87303a000 	C:\Windows\SYSTEM32\VERSION.dll
0x00007ff878a00000 - 0x00007ff878a12000 	C:\Windows\SYSTEM32\UMPDC.dll
0x00007ff8774a0000 - 0x00007ff8774b2000 	C:\Windows\SYSTEM32\kernel.appcore.dll
0x00007ff861580000 - 0x00007ff86158a000 	c:\Users\djsl2\.vscode\extensions\redhat.java-1.28.1-win32-x64\jre\17.0.10-win32-x86_64\bin\jimage.dll
0x00007ff861860000 - 0x00007ff861a44000 	C:\Windows\SYSTEM32\DBGHELP.DLL
0x00007ff8614c0000 - 0x00007ff8614f4000 	C:\Windows\SYSTEM32\dbgcore.DLL
0x00007ff879bb0000 - 0x00007ff879c32000 	C:\Windows\System32\bcryptPrimitives.dll
0x00007ff85cf50000 - 0x00007ff85cf5e000 	c:\Users\djsl2\.vscode\extensions\redhat.java-1.28.1-win32-x64\jre\17.0.10-win32-x86_64\bin\instrument.dll
0x00007ff84c210000 - 0x00007ff84c235000 	c:\Users\djsl2\.vscode\extensions\redhat.java-1.28.1-win32-x64\jre\17.0.10-win32-x86_64\bin\java.dll
0x00007ff84ac50000 - 0x00007ff84ac68000 	c:\Users\djsl2\.vscode\extensions\redhat.java-1.28.1-win32-x64\jre\17.0.10-win32-x86_64\bin\zip.dll

dbghelp: loaded successfully - version: 4.0.5 - missing functions: none
symbol engine: initialized successfully - sym options: 0x614 - pdb path: .;c:\Users\djsl2\.vscode\extensions\redhat.java-1.28.1-win32-x64\jre\17.0.10-win32-x86_64\bin;C:\Windows\SYSTEM32;C:\Windows\WinSxS\amd64_microsoft.windows.common-controls_6595b64144ccf1df_6.0.19041.3636_none_60b6a03d71f818d5;c:\Users\djsl2\.vscode\extensions\redhat.java-1.28.1-win32-x64\jre\17.0.10-win32-x86_64\bin\server

VM Arguments:
jvm_args: --add-modules=ALL-SYSTEM --add-opens=java.base/java.util=ALL-UNNAMED --add-opens=java.base/java.lang=ALL-UNNAMED --add-opens=java.base/sun.nio.fs=ALL-UNNAMED -Declipse.application=org.eclipse.jdt.ls.core.id1 -Dosgi.bundles.defaultStartLevel=4 -Declipse.product=org.eclipse.jdt.ls.core.product -Djava.import.generatesMetadataFilesAtProjectRoot=false -DDetectVMInstallationsJob.disabled=true -Dfile.encoding=utf8 -XX:+UseParallelGC -XX:GCTimeRatio=4 -XX:AdaptiveSizePolicyWeight=90 -Dsun.zip.disableMemoryMapping=true -Xmx1G -Xms100m -Xlog:disable -javaagent:c:\Users\djsl2\.vscode\extensions\redhat.java-1.28.1-win32-x64\lombok\lombok-1.18.31.jar -XX:+HeapDumpOnOutOfMemoryError -XX:HeapDumpPath=c:\Users\djsl2\AppData\Roaming\Code\User\workspaceStorage\2208d46fffe0ed811cc1caf2073853fe\redhat.java -Daether.dependencyCollector.impl=bf 
java_command: c:\Users\djsl2\.vscode\extensions\redhat.java-1.28.1-win32-x64\server\plugins\org.eclipse.equinox.launcher_1.6.700.v20231214-2017.jar -configuration c:\Users\djsl2\AppData\Roaming\Code\User\globalStorage\redhat.java\1.28.1\config_win -data c:\Users\djsl2\AppData\Roaming\Code\User\workspaceStorage\2208d46fffe0ed811cc1caf2073853fe\redhat.java\jdt_ws --stdio
java_class_path (initial): c:\Users\djsl2\.vscode\extensions\redhat.java-1.28.1-win32-x64\server\plugins\org.eclipse.equinox.launcher_1.6.700.v20231214-2017.jar
Launcher Type: SUN_STANDARD

[Global flags]
    uintx AdaptiveSizePolicyWeight                 = 90                                        {product} {command line}
     intx CICompilerCount                          = 3                                         {product} {ergonomic}
    uintx GCTimeRatio                              = 4                                         {product} {command line}
     bool HeapDumpOnOutOfMemoryError               = true                                   {manageable} {command line}
    ccstr HeapDumpPath                             = c:\Users\djsl2\AppData\Roaming\Code\User\workspaceStorage\2208d46fffe0ed811cc1caf2073853fe\redhat.java         {manageable} {command line}
   size_t InitialHeapSize                          = 104857600                                 {product} {command line}
   size_t MaxHeapSize                              = 1073741824                                {product} {command line}
   size_t MaxNewSize                               = 357564416                                 {product} {ergonomic}
   size_t MinHeapDeltaBytes                        = 524288                                    {product} {ergonomic}
   size_t MinHeapSize                              = 104857600                                 {product} {command line}
   size_t NewSize                                  = 34603008                                  {product} {ergonomic}
    uintx NonNMethodCodeHeapSize                   = 5832780                                {pd product} {ergonomic}
    uintx NonProfiledCodeHeapSize                  = 122912730                              {pd product} {ergonomic}
   size_t OldSize                                  = 70254592                                  {product} {ergonomic}
    uintx ProfiledCodeHeapSize                     = 122912730                              {pd product} {ergonomic}
    uintx ReservedCodeCacheSize                    = 251658240                              {pd product} {ergonomic}
     bool SegmentedCodeCache                       = true                                      {product} {ergonomic}
   size_t SoftMaxHeapSize                          = 1073741824                             {manageable} {ergonomic}
     bool UseCompressedClassPointers               = true                           {product lp64_product} {ergonomic}
     bool UseCompressedOops                        = true                           {product lp64_product} {ergonomic}
     bool UseLargePagesIndividualAllocation        = false                                  {pd product} {ergonomic}
     bool UseParallelGC                            = true                                      {product} {command line}

Logging:
Log output configuration:
 #0: stdout all=off uptime,level,tags
 #1: stderr all=off uptime,level,tags

Environment Variables:
JAVA_HOME=C:\Program Files\Java\jdk-1.8
PATH=C:\Program Files\Go\bin;C:\Users\djsl2\AppData\Local\cloud-code\installer\google-cloud-sdk\bin;C:\Windows\System32\OpenSSH\;C:\Users\djsl2\.console-ninja\.bin;C:\Users\djsl2\AppData\Local\Microsoft\WindowsApps;C:\Program Files\Azure Data Studio\bin;C:\Users\djsl2\AppData\Local\Programs\Microsoft VS Code\bin;C:\Users\djsl2\.dotnet\tools;C:\Users\djsl2\go\bin;C:\Program Files\JetBrains\GoLand 2023.3.2\bin;;C:\Users\djsl2\AppData\Roaming\npm;C:\Users\djsl2\AppData\Local\GitHubDesktop\bin;C:\Program Files\CMake\bin;C:\Users\djsl2\AppData\Local\Google\Cloud SDK\google-cloud-sdk\bin;C:\Program Files (x86)\Google\Cloud SDK\google-cloud-sdk\bin;C:\Program Files\Google\Cloud SDK\google-cloud-sdk\bin
USERNAME=djsl2
OS=Windows_NT
PROCESSOR_IDENTIFIER=Intel64 Family 6 Model 78 Stepping 3, GenuineIntel
TMP=C:\Users\djsl2\AppData\Local\Temp
TEMP=C:\Users\djsl2\AppData\Local\Temp



Periodic native trim disabled


---------------  S Y S T E M  ---------------

OS:
 Windows 10 , 64 bit Build 19041 (10.0.19041.3636)
OS uptime: 0 days 13:45 hours
Hyper-V role detected

CPU: total 4 (initial active 4) (2 cores per cpu, 2 threads per core) family 6 model 78 stepping 3 microcode 0xcc, cx8, cmov, fxsr, ht, mmx, 3dnowpref, sse, sse2, sse3, ssse3, sse4.1, sse4.2, popcnt, lzcnt, tsc, tscinvbit, avx, avx2, aes, erms, clmul, bmi1, bmi2, adx, fma, vzeroupper, clflush, clflushopt, hv
Processor Information for all 4 processors :
  Max Mhz: 2601, Current Mhz: 2600, Mhz Limit: 2574

Memory: 4k page, system-wide physical 8098M (784M free)
TotalPageFile size 20834M (AvailPageFile size 9M)
current process WorkingSet (physical memory assigned to process): 16M, peak: 16M
current process commit charge ("private bytes"): 156M, peak: 157M

vm_info: OpenJDK 64-Bit Server VM (17.0.10+7) for windows-amd64 JRE (17.0.10+7), built on Jan 16 2024 23:25:11 by "admin" with MS VC++ 16.10 / 16.11 (VS2019)

END.
